<?xml version="1.0" encoding="UTF-8"?>
<!-- Generated by org.testng.reporters.JUnitReportReporter -->
<testsuite skipped="0" hostname="LAPTOP-1IA10FT6" name="com.housboat.pages.HomePageTest" tests="1" failures="0" timestamp="2020-03-29T00:17:16 IST" time="10.645" errors="0">
  <testcase name="homePage" time="10.645" classname="com.housboat.pages.HomePageTest"/>
  <system-out/>
</testsuite> <!-- com.housboat.pages.HomePageTest -->
