<?xml version="1.0" encoding="UTF-8"?>
<!-- Generated by org.testng.reporters.JUnitReportReporter -->
<testsuite skipped="0" hostname="LAPTOP-1IA10FT6" name="com.houseboat.pages.NewHouseboatTest" tests="1" failures="0" timestamp="2020-04-23T00:25:13 IST" time="3.216" errors="0">
  <testcase name="addNewHouseboat" time="3.216" classname="com.houseboat.pages.NewHouseboatTest"/>
  <system-out/>
</testsuite> <!-- com.houseboat.pages.NewHouseboatTest -->
