<?xml version="1.0" encoding="UTF-8"?>
<!-- Generated by org.testng.reporters.JUnitReportReporter -->
<testsuite skipped="0" hostname="LAPTOP-1IA10FT6" name="com.houseboat.pages.HomePageTest" tests="2" failures="0" timestamp="2020-04-13T00:59:38 IST" time="5.025" errors="0">
  <testcase name="homePage" time="2.485" classname="com.houseboat.pages.HomePageTest"/>
  <system-out/>
  <testcase name="homePage" time="2.540" classname="com.houseboat.pages.HomePageTest"/>
  <system-out/>
</testsuite> <!-- com.houseboat.pages.HomePageTest -->
