<?xml version="1.0" encoding="UTF-8"?>
<!-- Generated by org.testng.reporters.JUnitReportReporter -->
<testsuite skipped="0" hostname="LAPTOP-1IA10FT6" name="com.houseboat.pages.LogoutProfileTest" tests="2" failures="0" timestamp="2020-04-23T00:25:13 IST" time="14.987" errors="0">
  <testcase name="logout" time="9.109" classname="com.houseboat.pages.LogoutProfileTest"/>
  <system-out/>
  <testcase name="logout" time="5.878" classname="com.houseboat.pages.LogoutProfileTest"/>
  <system-out/>
</testsuite> <!-- com.houseboat.pages.LogoutProfileTest -->
