<?xml version="1.0" encoding="UTF-8"?>
<!-- Generated by org.testng.reporters.JUnitReportReporter -->
<testsuite skipped="1" hostname="LAPTOP-1IA10FT6" name="com.houseboat.pages.HomePageTest" tests="2" failures="0" timestamp="2020-04-13T01:11:04 IST" time="3.329" errors="0">
  <testcase name="homePage" time="3.329" classname="com.houseboat.pages.HomePageTest"/>
  <system-out/>
  <testcase name="homePage" time="0.000" classname="com.houseboat.pages.HomePageTest">
    <skipped/>
  </testcase> <!-- homePage -->
  <system-out/>
</testsuite> <!-- com.houseboat.pages.HomePageTest -->
