<?xml version="1.0" encoding="UTF-8"?>
<!-- Generated by org.testng.reporters.JUnitReportReporter -->
<testsuite skipped="1" hostname="LAPTOP-1IA10FT6" name="com.houseboat.pages.LoginPageTest" tests="2" failures="0" timestamp="2020-04-13T01:11:04 IST" time="10.041" errors="0">
  <testcase name="getStarted" time="10.041" classname="com.houseboat.pages.LoginPageTest"/>
  <system-out/>
  <testcase name="getStarted" time="0.000" classname="com.houseboat.pages.LoginPageTest">
    <skipped/>
  </testcase> <!-- getStarted -->
  <system-out/>
</testsuite> <!-- com.houseboat.pages.LoginPageTest -->
