<?xml version="1.0" encoding="UTF-8"?>
<!-- Generated by org.testng.reporters.JUnitReportReporter -->
<testsuite skipped="1" hostname="LAPTOP-1IA10FT6" name="com.houseboat.pages.AuthSignInTest" tests="1" failures="0" timestamp="2020-04-13T01:11:04 IST" time="0.000" errors="0">
  <testcase name="googleSignIn" time="0.000" classname="com.houseboat.pages.AuthSignInTest">
    <skipped/>
  </testcase> <!-- googleSignIn -->
  <system-out/>
</testsuite> <!-- com.houseboat.pages.AuthSignInTest -->
