<?xml version="1.0" encoding="UTF-8"?>
<!-- Generated by org.testng.reporters.JUnitReportReporter -->
<testsuite skipped="0" hostname="LAPTOP-1IA10FT6" name="com.houseboat.pages.AuthSignInTest" tests="1" failures="0" timestamp="2020-04-10T00:48:52 IST" time="3.318" errors="0">
  <testcase name="googleSignIn" time="3.318" classname="com.houseboat.pages.AuthSignInTest"/>
  <system-out/>
</testsuite> <!-- com.houseboat.pages.AuthSignInTest -->
