<?xml version="1.0" encoding="UTF-8"?>
<!-- Generated by org.testng.reporters.JUnitReportReporter -->
<testsuite skipped="0" hostname="LAPTOP-1IA10FT6" name="com.houseboat.pages.HomePageTest" tests="2" failures="0" timestamp="2020-04-23T00:25:13 IST" time="4.914" errors="0">
  <testcase name="homePage" time="2.512" classname="com.houseboat.pages.HomePageTest"/>
  <system-out/>
  <testcase name="homePage" time="2.402" classname="com.houseboat.pages.HomePageTest"/>
  <system-out/>
</testsuite> <!-- com.houseboat.pages.HomePageTest -->
