<?xml version="1.0" encoding="UTF-8"?>
<!-- Generated by org.testng.reporters.JUnitReportReporter -->
<testsuite skipped="0" hostname="LAPTOP-1IA10FT6" name="com.houseboat.pages.LoginPageTest" tests="2" failures="0" timestamp="2020-04-13T00:59:38 IST" time="19.622" errors="0">
  <testcase name="getStarted" time="9.574" classname="com.houseboat.pages.LoginPageTest"/>
  <system-out/>
  <testcase name="getStarted" time="10.048" classname="com.houseboat.pages.LoginPageTest"/>
  <system-out/>
</testsuite> <!-- com.houseboat.pages.LoginPageTest -->
