<?xml version="1.0" encoding="UTF-8"?>
<!-- Generated by org.testng.reporters.JUnitReportReporter -->
<testsuite skipped="0" hostname="LAPTOP-1IA10FT6" name="com.houseboat.pages.AddHouseboatTest" tests="1" failures="0" timestamp="2020-04-13T00:59:38 IST" time="5.740" errors="0">
  <testcase name="clickAddBtn" time="5.740" classname="com.houseboat.pages.AddHouseboatTest"/>
  <system-out/>
</testsuite> <!-- com.houseboat.pages.AddHouseboatTest -->
