<?xml version="1.0" encoding="UTF-8"?>
<!-- Generated by org.testng.reporters.JUnitReportReporter -->
<testsuite skipped="0" hostname="LAPTOP-1IA10FT6" name="com.houseboat.pages.LogoutProfileTest" tests="1" failures="0" timestamp="2020-04-16T01:26:12 IST" time="5.772" errors="0">
  <testcase name="logout" time="5.772" classname="com.houseboat.pages.LogoutProfileTest"/>
  <system-out/>
</testsuite> <!-- com.houseboat.pages.LogoutProfileTest -->
