<?xml version="1.0" encoding="UTF-8"?>
<!-- Generated by org.testng.reporters.JUnitReportReporter -->
<testsuite skipped="0" hostname="LAPTOP-1IA10FT6" name="com.houseboat.pages.LoginPageTest" tests="1" failures="0" timestamp="2020-04-11T01:04:52 IST" time="9.667" errors="0">
  <testcase name="getStarted" time="9.667" classname="com.houseboat.pages.LoginPageTest"/>
  <system-out/>
</testsuite> <!-- com.houseboat.pages.LoginPageTest -->
