<?xml version="1.0" encoding="UTF-8"?>
<!-- Generated by org.testng.reporters.JUnitReportReporter -->
<testsuite skipped="0" hostname="LAPTOP-1IA10FT6" name="com.houseboat.pages.GoogleSignInTest" tests="1" failures="0" timestamp="2020-04-11T01:04:52 IST" time="3.500" errors="0">
  <testcase name="getEmail" time="3.500" classname="com.houseboat.pages.GoogleSignInTest"/>
  <system-out/>
</testsuite> <!-- com.houseboat.pages.GoogleSignInTest -->
