<?xml version="1.0" encoding="UTF-8"?>
<!-- Generated by org.testng.reporters.JUnitReportReporter -->
<testsuite skipped="0" hostname="LAPTOP-1IA10FT6" name="com.houseboat.pages.InitialTest" tests="1" failures="0" timestamp="2020-04-10T23:48:05 IST" time="26.931" errors="0">
  <testcase name="openUrl" time="26.931" classname="com.houseboat.pages.InitialTest"/>
  <system-out/>
</testsuite> <!-- com.houseboat.pages.InitialTest -->
