<?xml version="1.0" encoding="UTF-8"?>
<!-- Generated by org.testng.reporters.JUnitReportReporter -->
<testsuite skipped="0" hostname="LAPTOP-1IA10FT6" name="com.houseboat.pages.SignUpPageTest" tests="1" failures="0" timestamp="2020-04-23T00:25:13 IST" time="6.822" errors="0">
  <testcase name="houseboatSignup" time="6.822" classname="com.houseboat.pages.SignUpPageTest"/>
  <system-out/>
</testsuite> <!-- com.houseboat.pages.SignUpPageTest -->
