<?xml version="1.0" encoding="UTF-8"?>
<!-- Generated by org.testng.reporters.JUnitReportReporter -->
<testsuite skipped="0" hostname="LAPTOP-1IA10FT6" name="com.houseboat.pages.HomePageTest" tests="1" failures="0" timestamp="2020-04-11T01:04:52 IST" time="3.112" errors="0">
  <testcase name="homePage" time="3.112" classname="com.houseboat.pages.HomePageTest"/>
  <system-out/>
</testsuite> <!-- com.houseboat.pages.HomePageTest -->
