<?xml version="1.0" encoding="UTF-8"?>
<!-- Generated by org.testng.reporters.JUnitReportReporter -->
<testsuite skipped="0" hostname="LAPTOP-1IA10FT6" name="com.houseboat.pages.LoginHouseboatTest" tests="1" failures="0" timestamp="2020-04-13T01:11:04 IST" time="3.631" errors="0">
  <testcase name="hbLogin" time="3.631" classname="com.houseboat.pages.LoginHouseboatTest"/>
  <system-out/>
</testsuite> <!-- com.houseboat.pages.LoginHouseboatTest -->
