<?xml version="1.0" encoding="UTF-8"?>
<!-- Generated by org.testng.reporters.JUnitReportReporter -->
<testsuite skipped="0" hostname="LAPTOP-1IA10FT6" name="com.houseboat.pages.LoginPageTest" tests="2" failures="0" timestamp="2020-04-23T00:25:13 IST" time="17.592" errors="0">
  <testcase name="getStarted" time="9.333" classname="com.houseboat.pages.LoginPageTest"/>
  <system-out/>
  <testcase name="getStarted" time="8.259" classname="com.houseboat.pages.LoginPageTest"/>
  <system-out/>
</testsuite> <!-- com.houseboat.pages.LoginPageTest -->
